<?xml version="1.0" encoding="UTF-8"?>
<!-- Generated by org.testng.reporters.JUnitReportReporter -->
<testsuite hostname="DESKTOP-SP108C6" failures="0" tests="1" name="com.testcases.Registrationtest" time="9.416" errors="0" timestamp="2024-01-31T14:13:12 IST" skipped="0">
  <testcase classname="com.testcases.Registrationtest" name="verifyregisterfunctionality" time="9.416"/>
  <system-out/>
</testsuite> <!-- com.testcases.Registrationtest -->
