<?xml version="1.0" encoding="UTF-8"?>
<!-- Generated by org.testng.reporters.JUnitReportReporter -->
<testsuite hostname="DESKTOP-SP108C6" failures="0" tests="2" name="com.testcases.SearchTest" time="21.705" errors="0" timestamp="2024-02-01T12:37:19 IST" skipped="0">
  <testcase classname="com.testcases.SearchTest" name="search1" time="9.984"/>
  <system-out/>
  <testcase classname="com.testcases.SearchTest" name="dropdown1" time="11.721"/>
  <system-out/>
</testsuite> <!-- com.testcases.SearchTest -->
