<?xml version="1.0" encoding="UTF-8"?>
<!-- Generated by org.testng.reporters.JUnitReportReporter -->
<testsuite hostname="DESKTOP-SP108C6" failures="0" tests="3" name="com.testcases.Wishlisttest" time="42.388" errors="0" timestamp="2024-02-01T11:58:17 IST" skipped="0">
  <testcase classname="com.testcases.Wishlisttest" name="wishlist" time="21.134"/>
  <system-out/>
  <testcase classname="com.testcases.Wishlisttest" name="remove_fromwishlist" time="10.582"/>
  <system-out/>
  <testcase classname="com.testcases.Wishlisttest" name="countwishlist" time="10.672"/>
  <system-out/>
</testsuite> <!-- com.testcases.Wishlisttest -->
