<?xml version="1.0" encoding="UTF-8"?>
<!-- Generated by org.testng.reporters.JUnitReportReporter -->
<testsuite hostname="DESKTOP-SP108C6" failures="0" tests="1" name="com.testcases.AddressTest" time="16.889" errors="0" timestamp="2024-02-05T16:55:27 IST" skipped="0">
  <testcase classname="com.testcases.AddressTest" name="verify_addAddress" time="16.889"/>
  <system-out/>
</testsuite> <!-- com.testcases.AddressTest -->
