<?xml version="1.0" encoding="UTF-8"?>
<!-- Generated by org.testng.reporters.JUnitReportReporter -->
<testsuite hostname="DESKTOP-SP108C6" failures="0" tests="1" name="com.testcases.ProfileTest" time="24.904" errors="0" timestamp="2024-02-05T11:47:24 IST" skipped="0">
  <testcase classname="com.testcases.ProfileTest" name="edit" time="24.904"/>
  <system-out/>
</testsuite> <!-- com.testcases.ProfileTest -->
